<?xml version="1.0" encoding="UTF-8"?>
<!-- Generated by org.testng.reporters.JUnitReportReporter -->
<testsuite hostname="DESKTOP-K9JU6JD" name="orangeHRMTest.LoginTestClass" tests="1" failures="0" timestamp="21 Aug 2020 08:33:36 GMT" time="20.003" errors="0">
  <testcase name="LoginTest" time="20.003" classname="orangeHRMTest.LoginTestClass"/>
</testsuite> <!-- orangeHRMTest.LoginTestClass -->
