<?xml version="1.0" encoding="UTF-8"?>
<!-- Generated by org.testng.reporters.JUnitReportReporter -->
<testsuite hostname="DESKTOP-K9JU6JD" name="orangeHRMTest.LoginTestClass" tests="2" failures="0" timestamp="21 Aug 2020 18:07:27 GMT" time="14.294" errors="0">
  <testcase name="VerifyLoginPage" time="0.051" classname="orangeHRMTest.LoginTestClass"/>
  <testcase name="LoginTest" time="14.243" classname="orangeHRMTest.LoginTestClass"/>
</testsuite> <!-- orangeHRMTest.LoginTestClass -->
