<?xml version="1.0" encoding="UTF-8"?>
<!-- Generated by org.testng.reporters.JUnitReportReporter -->
<testsuite hostname="DESKTOP-K9JU6JD" name="mavenexample.HospitalMaven" tests="1" failures="0" timestamp="16 Aug 2020 19:34:15 GMT" time="7.692" errors="0">
  <testcase name="secondTest" time="7.692" classname="mavenexample.HospitalMaven"/>
</testsuite> <!-- mavenexample.HospitalMaven -->
